<?xml version='1.0' encoding='UTF-8'?>
<testsuite hostname="DESKTOP-IKBDEUF" name="TestsBasic" tests="13" errors="0" failures="0" skipped="0" time="1.143" timestamp="2025-06-04T01:46:27">
          <properties>
[...]
</properties>
          <testcase classname="TestsBasic" name="Constants" time="0.438">
                      
                    </testcase><testcase classname="TestsBasic" name="Builtin" time="0.144">
                      
                    </testcase><testcase classname="TestsBasic" name="Equality" time="0.183">
                      
                    </testcase><testcase classname="TestsBasic" name="Operator Simple" time="0.043">
                      
                    </testcase><testcase classname="TestsBasic" name="If Simple" time="0.011">
                      
                    </testcase><testcase classname="TestsBasic" name="If Advanced" time="0.015">
                      
                    </testcase><testcase classname="TestsBasic" name="Function Simple" time="0.006">
                      
                    </testcase><testcase classname="TestsBasic" name="Function Constant" time="0.033">
                      
                    </testcase><testcase classname="TestsBasic" name="Function Parameters" time="0.009">
                      
                    </testcase><testcase classname="TestsBasic" name="Function Recursion" time="0.017">
                      
                    </testcase><testcase classname="TestsBasic" name="Function Mutual" time="0.006">
                      
                    </testcase><testcase classname="TestsBasic" name="Interpretation Order" time="0.208">
                      
                    </testcase><testcase classname="TestsBasic" name="AD Example" time="0.03">
                      
                    </testcase>
          <system-out><![CDATA[]]></system-out>
          <system-err><![CDATA[]]></system-err>
        </testsuite>